<?xml version="1.0" encoding="UTF-8"?>
<testsuite xmlns:xsi="http://www.w3.org/2001/XMLSchema-instance" xsi:noNamespaceSchemaLocation="https://maven.apache.org/surefire/maven-surefire-plugin/xsd/surefire-test-report.xsd" name="TestSuite" time="25.611" tests="6" errors="0" skipped="0" failures="6">
  <properties>
    <property name="java.runtime.name" value="Java(TM) SE Runtime Environment"/>
    <property name="sun.boot.library.path" value="C:\Program Files\Java\jdk1.8.0_121\jre\bin"/>
    <property name="java.vm.version" value="25.121-b13"/>
    <property name="java.vm.vendor" value="Oracle Corporation"/>
    <property name="maven.multiModuleProjectDirectory" value="C:\Users\BTM-FAC\Desktop\ActiTIME"/>
    <property name="java.vendor.url" value="http://java.oracle.com/"/>
    <property name="path.separator" value=";"/>
    <property name="guice.disable.misplaced.annotation.check" value="true"/>
    <property name="java.vm.name" value="Java HotSpot(TM) 64-Bit Server VM"/>
    <property name="file.encoding.pkg" value="sun.io"/>
    <property name="user.script" value=""/>
    <property name="user.country" value="IN"/>
    <property name="sun.java.launcher" value="SUN_STANDARD"/>
    <property name="sun.os.patch.level" value="Service Pack 1"/>
    <property name="java.vm.specification.name" value="Java Virtual Machine Specification"/>
    <property name="user.dir" value="C:\Users\BTM-FAC\Desktop\ActiTIME"/>
    <property name="java.runtime.version" value="1.8.0_121-b13"/>
    <property name="java.awt.graphicsenv" value="sun.awt.Win32GraphicsEnvironment"/>
    <property name="java.endorsed.dirs" value="C:\Program Files\Java\jdk1.8.0_121\jre\lib\endorsed"/>
    <property name="os.arch" value="amd64"/>
    <property name="java.io.tmpdir" value="C:\Users\BTM-FAC\AppData\Local\Temp\"/>
    <property name="line.separator" value="&#10;"/>
    <property name="java.vm.specification.vendor" value="Oracle Corporation"/>
    <property name="user.variant" value=""/>
    <property name="os.name" value="Windows 7"/>
    <property name="classworlds.conf" value="C:\Users\BTM-FAC\Desktop\ERP\.metadata\.plugins\org.eclipse.m2e.launching\launches\m2conf5278819938356507359.tmp"/>
    <property name="sun.jnu.encoding" value="Cp1252"/>
    <property name="java.library.path" value="C:\Program Files\Java\jdk1.8.0_121\bin;C:\Windows\Sun\Java\bin;C:\Windows\system32;C:\Windows;C:/Program Files/Java/jdk1.8.0_121/bin/../jre/bin/server;C:/Program Files/Java/jdk1.8.0_121/bin/../jre/bin;C:/Program Files/Java/jdk1.8.0_121/bin/../jre/lib/amd64;C:\Program Files\Java\jdk1.8.0_121\bin;C:\Program Files\Java\jdk1.8.0_121\bin;C:\Users\BTM-FAC\AppData\Local\GitHubDesktop\bin;D:\Eclipse\eclipse-jee-oxygen-M2-win32-x86_64\eclipse;;."/>
    <property name="java.specification.name" value="Java Platform API Specification"/>
    <property name="java.class.version" value="52.0"/>
    <property name="sun.management.compiler" value="HotSpot 64-Bit Tiered Compilers"/>
    <property name="os.version" value="6.1"/>
    <property name="user.home" value="C:\Users\BTM-FAC"/>
    <property name="user.timezone" value="Asia/Calcutta"/>
    <property name="java.awt.printerjob" value="sun.awt.windows.WPrinterJob"/>
    <property name="java.specification.version" value="1.8"/>
    <property name="file.encoding" value="Cp1252"/>
    <property name="user.name" value="BTM-FAC"/>
    <property name="java.class.path" value="/D:/Eclipse/eclipse-jee-oxygen-M2-win32-x86_64/eclipse/plugins/org.eclipse.m2e.maven.runtime_1.8.0.20160921-2001/jars/plexus-classworlds-2.5.2.jar"/>
    <property name="java.vm.specification.version" value="1.8"/>
    <property name="sun.arch.data.model" value="64"/>
    <property name="java.home" value="C:\Program Files\Java\jdk1.8.0_121\jre"/>
    <property name="sun.java.command" value="org.codehaus.plexus.classworlds.launcher.Launcher -B install"/>
    <property name="java.specification.vendor" value="Oracle Corporation"/>
    <property name="user.language" value="en"/>
    <property name="awt.toolkit" value="sun.awt.windows.WToolkit"/>
    <property name="java.vm.info" value="mixed mode"/>
    <property name="java.version" value="1.8.0_121"/>
    <property name="java.ext.dirs" value="C:\Program Files\Java\jdk1.8.0_121\jre\lib\ext;C:\Windows\Sun\Java\lib\ext"/>
    <property name="sun.boot.class.path" value="C:\Program Files\Java\jdk1.8.0_121\jre\lib\resources.jar;C:\Program Files\Java\jdk1.8.0_121\jre\lib\rt.jar;C:\Program Files\Java\jdk1.8.0_121\jre\lib\sunrsasign.jar;C:\Program Files\Java\jdk1.8.0_121\jre\lib\jsse.jar;C:\Program Files\Java\jdk1.8.0_121\jre\lib\jce.jar;C:\Program Files\Java\jdk1.8.0_121\jre\lib\charsets.jar;C:\Program Files\Java\jdk1.8.0_121\jre\lib\jfr.jar;C:\Program Files\Java\jdk1.8.0_121\jre\classes"/>
    <property name="java.vendor" value="Oracle Corporation"/>
    <property name="maven.home" value="C:\Users\BTM-FAC\Desktop\ActiTIME\EMBEDDED"/>
    <property name="file.separator" value="\"/>
    <property name="java.vendor.url.bug" value="http://bugreport.sun.com/bugreport/"/>
    <property name="sun.cpu.endian" value="little"/>
    <property name="sun.io.unicode.encoding" value="UnicodeLittle"/>
    <property name="sun.desktop" value="windows"/>
    <property name="sun.cpu.isalist" value="amd64"/>
  </properties>
  <testcase name="testValidLogin" classname="com.actitime.test.ValidLogin" time="0.165">
    <failure message="org/apache/xmlbeans/XmlObject" type="java.lang.NoClassDefFoundError">java.lang.NoClassDefFoundError: org/apache/xmlbeans/XmlObject
	at com.actitime.test.ValidLogin.testValidLogin(ValidLogin.java:12)
Caused by: java.lang.ClassNotFoundException: org.apache.xmlbeans.XmlObject
	at com.actitime.test.ValidLogin.testValidLogin(ValidLogin.java:12)
Caused by: java.util.zip.ZipException: invalid LOC header (bad signature)
	at com.actitime.test.ValidLogin.testValidLogin(ValidLogin.java:12)
</failure>
    <system-out><![CDATA[[TestNGContentHandler] [WARN] It is strongly recommended to add "<!DOCTYPE suite SYSTEM "http://testng.org/testng-1.0.dtd" >" at the top of your file, otherwise TestNG may fail or not work as expected.
]]></system-out>
    <system-err><![CDATA[Aug 12, 2017 5:49:28 PM org.openqa.selenium.remote.ProtocolHandshake createSession
INFO: Detected dialect: OSS
Aug 12, 2017 5:49:28 PM org.openqa.selenium.remote.ProtocolHandshake createSession
INFO: Detected dialect: OSS
]]></system-err>
  </testcase>
  <testcase name="testValidLogin" classname="com.actitime.test.ValidLogin" time="0">
    <failure message="org/apache/xmlbeans/XmlObject" type="java.lang.NoClassDefFoundError">java.lang.NoClassDefFoundError: org/apache/xmlbeans/XmlObject
	at com.actitime.test.ValidLogin.testValidLogin(ValidLogin.java:12)
Caused by: java.lang.ClassNotFoundException: org.apache.xmlbeans.XmlObject
	at com.actitime.test.ValidLogin.testValidLogin(ValidLogin.java:12)
Caused by: java.util.zip.ZipException: invalid LOC header (bad signature)
	at com.actitime.test.ValidLogin.testValidLogin(ValidLogin.java:12)
</failure>
  </testcase>
  <testcase name="testInvalidLogin" classname="com.actitime.test.InvalidLogin" time="0">
    <failure message="org/apache/xmlbeans/XmlObject" type="java.lang.NoClassDefFoundError">java.lang.NoClassDefFoundError: org/apache/xmlbeans/XmlObject
	at com.actitime.test.InvalidLogin.testInvalidLogin(InvalidLogin.java:11)
Caused by: java.lang.ClassNotFoundException: org.apache.xmlbeans.XmlObject
	at com.actitime.test.InvalidLogin.testInvalidLogin(InvalidLogin.java:11)
Caused by: java.util.zip.ZipException: invalid LOC header (bad signature)
	at com.actitime.test.InvalidLogin.testInvalidLogin(InvalidLogin.java:11)
</failure>
    <system-err><![CDATA[Aug 12, 2017 5:49:36 PM org.openqa.selenium.remote.ProtocolHandshake createSession
INFO: Detected dialect: OSS
Aug 12, 2017 5:49:37 PM org.openqa.selenium.remote.ProtocolHandshake createSession
INFO: Detected dialect: OSS
]]></system-err>
  </testcase>
  <testcase name="testInvalidLogin" classname="com.actitime.test.InvalidLogin" time="0">
    <failure message="org/apache/xmlbeans/XmlObject" type="java.lang.NoClassDefFoundError">java.lang.NoClassDefFoundError: org/apache/xmlbeans/XmlObject
	at com.actitime.test.InvalidLogin.testInvalidLogin(InvalidLogin.java:11)
Caused by: java.lang.ClassNotFoundException: org.apache.xmlbeans.XmlObject
	at com.actitime.test.InvalidLogin.testInvalidLogin(InvalidLogin.java:11)
Caused by: java.util.zip.ZipException: invalid LOC header (bad signature)
	at com.actitime.test.InvalidLogin.testInvalidLogin(InvalidLogin.java:11)
</failure>
  </testcase>
  <testcase name="testVerifyProductVersion" classname="com.actitime.test.VerifyProductVersion" time="0">
    <failure message="org/apache/xmlbeans/XmlObject" type="java.lang.NoClassDefFoundError">java.lang.NoClassDefFoundError: org/apache/xmlbeans/XmlObject
	at com.actitime.test.VerifyProductVersion.testVerifyProductVersion(VerifyProductVersion.java:14)
Caused by: java.lang.ClassNotFoundException: org.apache.xmlbeans.XmlObject
	at com.actitime.test.VerifyProductVersion.testVerifyProductVersion(VerifyProductVersion.java:14)
Caused by: java.util.zip.ZipException: invalid LOC header (bad signature)
	at com.actitime.test.VerifyProductVersion.testVerifyProductVersion(VerifyProductVersion.java:14)
</failure>
    <system-err><![CDATA[Aug 12, 2017 5:49:45 PM org.openqa.selenium.remote.ProtocolHandshake createSession
INFO: Detected dialect: OSS
Aug 12, 2017 5:49:45 PM org.openqa.selenium.remote.ProtocolHandshake createSession
INFO: Detected dialect: OSS
]]></system-err>
  </testcase>
  <testcase name="testVerifyProductVersion" classname="com.actitime.test.VerifyProductVersion" time="0">
    <failure message="org/apache/xmlbeans/XmlObject" type="java.lang.NoClassDefFoundError">java.lang.NoClassDefFoundError: org/apache/xmlbeans/XmlObject
	at com.actitime.test.VerifyProductVersion.testVerifyProductVersion(VerifyProductVersion.java:14)
Caused by: java.lang.ClassNotFoundException: org.apache.xmlbeans.XmlObject
	at com.actitime.test.VerifyProductVersion.testVerifyProductVersion(VerifyProductVersion.java:14)
Caused by: java.util.zip.ZipException: invalid LOC header (bad signature)
	at com.actitime.test.VerifyProductVersion.testVerifyProductVersion(VerifyProductVersion.java:14)
</failure>
  </testcase>
</testsuite>