<?xml version="1.0" encoding="UTF-8"?>
<!-- Generated by org.testng.reporters.JUnitReportReporter -->
<testsuite skipped="0" hostname="IND-WShivadas" name="com.actitime.test.InvalidLogin" tests="2" failures="0" timestamp="17 Aug 2017 08:40:39 GMT" time="55.498" errors="0">
  <testcase name="testInvalidLogin" time="28.516" classname="com.actitime.test.InvalidLogin"/>
  <testcase name="testInvalidLogin" time="26.982" classname="com.actitime.test.InvalidLogin"/>
</testsuite> <!-- com.actitime.test.InvalidLogin -->
