<?xml version="1.0" encoding="UTF-8"?>
<!-- Generated by org.testng.reporters.JUnitReportReporter -->
<testsuite skipped="0" hostname="IND-WShivadas" name="com.actitime.test.VerifyProductVersion" tests="2" failures="0" timestamp="17 Aug 2017 08:40:39 GMT" time="44.402" errors="0">
  <testcase name="testVerifyProductVersion" time="20.724" classname="com.actitime.test.VerifyProductVersion"/>
  <testcase name="testVerifyProductVersion" time="23.678" classname="com.actitime.test.VerifyProductVersion"/>
</testsuite> <!-- com.actitime.test.VerifyProductVersion -->
