<?xml version="1.0" encoding="UTF-8"?>
<!-- Generated by org.testng.reporters.JUnitReportReporter -->
<testsuite skipped="0" hostname="IND-WShivadas" name="com.actitime.test.ValidLogin" tests="2" failures="0" timestamp="17 Aug 2017 08:40:39 GMT" time="25.539" errors="0">
  <testcase name="testValidLogin" time="12.474" classname="com.actitime.test.ValidLogin"/>
  <testcase name="testValidLogin" time="13.065" classname="com.actitime.test.ValidLogin"/>
</testsuite> <!-- com.actitime.test.ValidLogin -->
